<?xml version="1.0" encoding="UTF-8"?>
<!-- Generated by org.testng.reporters.JUnitReportReporter -->
<testsuite skipped="0" hostname="N000613" name="util.ExecutarAutomacao" tests="1" failures="0" timestamp="19 out 2020 22:49:10 GMT" time="0.180" errors="0">
  <testcase name="jonnas" time="0.180" classname="util.ExecutarAutomacao"/>
</testsuite> <!-- util.ExecutarAutomacao -->
